# JRE version: OpenJDK Runtime Environment (11.0.1+13) (build 11.0.1+13)
# Java VM: OpenJDK 64-Bit Server VM (11.0.1+13, mixed mode, tiered, compressed oops, g1 gc, windows-amd64)
Heap:
 garbage-first heap   total 262144K, used 64576K [0x00000000e0000000, 0x0000000100000000)
  region size 1024K, 52 young (53248K), 5 survivors (5120K)
 Metaspace       used 25336K, capacity 26021K, committed 26112K, reserved 276480K
  class space    used 3288K, capacity 3515K, committed 3584K, reserved 253952K
GC Heap History (10 events):
Event: 1.020 GC heap before
{Heap before GC invocations=0 (full 0):
 garbage-first heap   total 262144K, used 16384K [0x00000000e0000000, 0x0000000100000000)
  region size 1024K, 14 young (14336K), 0 survivors (0K)
 Metaspace       used 6682K, capacity 6873K, committed 7168K, reserved 262144K
  class space    used 579K, capacity 650K, committed 768K, reserved 253952K
}
Event: 1.024 GC heap after
{Heap after GC invocations=1 (full 0):
 garbage-first heap   total 262144K, used 4869K [0x00000000e0000000, 0x0000000100000000)
  region size 1024K, 2 young (2048K), 2 survivors (2048K)
 Metaspace       used 6682K, capacity 6873K, committed 7168K, reserved 262144K
  class space    used 579K, capacity 650K, committed 768K, reserved 253952K
}
Event: 1.532 GC heap before
{Heap before GC invocations=1 (full 0):
 garbage-first heap   total 262144K, used 20229K [0x00000000e0000000, 0x0000000100000000)
  region size 1024K, 14 young (14336K), 2 survivors (2048K)
 Metaspace       used 10126K, capacity 10434K, committed 10624K, reserved 264192K
  class space    used 1054K, capacity 1138K, committed 1152K, reserved 253952K
}
Event: 1.535 GC heap after
{Heap after GC invocations=2 (full 0):
 garbage-first heap   total 262144K, used 9478K [0x00000000e0000000, 0x0000000100000000)
  region size 1024K, 2 young (2048K), 2 survivors (2048K)
 Metaspace       used 10126K, capacity 10434K, committed 10624K, reserved 264192K
  class space    used 1054K, capacity 1138K, committed 1152K, reserved 253952K
}
Event: 3.240 GC heap before
{Heap before GC invocations=2 (full 0):
 garbage-first heap   total 262144K, used 42246K [0x00000000e0000000, 0x0000000100000000)
  region size 1024K, 34 young (34816K), 2 survivors (2048K)
 Metaspace       used 11111K, capacity 11387K, committed 11520K, reserved 264192K
  class space    used 1157K, capacity 1242K, committed 1280K, reserved 253952K
}
Event: 3.243 GC heap after
{Heap after GC invocations=3 (full 0):
 garbage-first heap   total 262144K, used 12632K [0x00000000e0000000, 0x0000000100000000)
  region size 1024K, 5 young (5120K), 5 survivors (5120K)
 Metaspace       used 11111K, capacity 11387K, committed 11520K, reserved 264192K
  class space    used 1157K, capacity 1242K, committed 1280K, reserved 253952K
}
Event: 8.777 GC heap before
{Heap before GC invocations=3 (full 0):
 garbage-first heap   total 262144K, used 58712K [0x00000000e0000000, 0x0000000100000000)
  region size 1024K, 50 young (51200K), 5 survivors (5120K)
 Metaspace       used 18274K, capacity 18685K, committed 18816K, reserved 270336K
  class space    used 2179K, capacity 2318K, committed 2432K, reserved 253952K
}
Event: 8.785 GC heap after
{Heap after GC invocations=4 (full 0):
 garbage-first heap   total 262144K, used 16289K [0x00000000e0000000, 0x0000000100000000)
  region size 1024K, 7 young (7168K), 7 survivors (7168K)
 Metaspace       used 18274K, capacity 18685K, committed 18816K, reserved 270336K
  class space    used 2179K, capacity 2318K, committed 2432K, reserved 253952K
}
Event: 9.190 GC heap before
{Heap before GC invocations=4 (full 0):
 garbage-first heap   total 262144K, used 33697K [0x00000000e0000000, 0x0000000100000000)
  region size 1024K, 25 young (25600K), 7 survivors (7168K)
 Metaspace       used 20572K, capacity 21118K, committed 21248K, reserved 272384K
  class space    used 2505K, capacity 2708K, committed 2816K, reserved 253952K
}
Event: 9.196 GC heap after
{Heap after GC invocations=5 (full 0):
 garbage-first heap   total 262144K, used 17472K [0x00000000e0000000, 0x0000000100000000)
  region size 1024K, 5 young (5120K), 5 survivors (5120K)
 Metaspace       used 20572K, capacity 21118K, committed 21248K, reserved 272384K
  class space    used 2505K, capacity 2708K, committed 2816K, reserved 253952K
}

